<?xml version="1.0" encoding="UTF-8"?>
<testng-results ignored="0" total="1" passed="1" failed="0" skipped="0">
  <reporter-output>
  </reporter-output>
  <suite started-at="2020-08-23T00:18:26 IST" name="Default suite" finished-at="2020-08-23T00:18:27 IST" duration-ms="496">
    <groups>
    </groups>
    <test started-at="2020-08-23T00:18:26 IST" name="Default test" finished-at="2020-08-23T00:18:27 IST" duration-ms="496">
      <class name="readExcelUsingApachePOI.ReadExcelusingexcelConfigUtility">
        <test-method signature="readExcelFile()[pri:0, instance:readExcelUsingApachePOI.ReadExcelusingexcelConfigUtility@5b239d7d]" started-at="2020-08-23T00:18:26 IST" name="readExcelFile" finished-at="2020-08-23T00:18:27 IST" duration-ms="473" status="PASS">
          <reporter-output>
          </reporter-output>
        </test-method> <!-- readExcelFile -->
      </class> <!-- readExcelUsingApachePOI.ReadExcelusingexcelConfigUtility -->
    </test> <!-- Default test -->
  </suite> <!-- Default suite -->
</testng-results>
